#-----------------------------------------------------------
# Vivado v2018.2 (64-bit)
# SW Build 2258646 on Thu Jun 14 20:02:38 MDT 2018
# IP Build 2256618 on Thu Jun 14 22:10:49 MDT 2018
# Start of session at: Wed Apr  7 21:43:40 2021
# Process ID: 2451
# Current directory: /home/oem/Research/Research/memcached-pmem
# Command line: vivado
# Log file: /home/oem/Research/Research/memcached-pmem/vivado.log
# Journal file: /home/oem/Research/Research/memcached-pmem/vivado.jou
#-----------------------------------------------------------
start_gui
open_project /home/oem/RTL/backups/Undolog2/PCIeMEM/PCIeMEM.xpr
Scanning sources...
Finished scanning sources
INFO: [IP_Flow 19-234] Refreshing IP repositories
INFO: [IP_Flow 19-1700] Loaded user IP repository '/home/oem/RTL/backups/Undolog2/ip_repo/undolog_2.1'.
INFO: [IP_Flow 19-1700] Loaded user IP repository '/home/oem/RTL/backups/Undolog2/ip_repo/undolog_2.0'.
INFO: [IP_Flow 19-1700] Loaded user IP repository '/home/oem/RTL/backups/Undolog2/ip_repo/undolog_1.0'.
INFO: [IP_Flow 19-1700] Loaded user IP repository '/home/oem/RTL/ip_repo/AXI_Lite_slave_plug_1.0'.
INFO: [IP_Flow 19-1700] Loaded user IP repository '/home/oem/RTL/ip_repo/AXI_DMA_driver_1.0'.
INFO: [IP_Flow 19-1700] Loaded user IP repository '/home/oem/RTL/backups/Undolog2/ip_repo/memops_scheduler_1.1'.
INFO: [IP_Flow 19-2313] Loaded Vivado IP repository '/opt/Xilinx/Vivado/2018.2/data/ip'.
open_project: Time (s): cpu = 00:00:33 ; elapsed = 00:00:22 . Memory (MB): peak = 6515.582 ; gain = 413.695 ; free physical = 58988 ; free virtual = 63110
update_compile_order -fileset sources_1
open_hw
connect_hw_server
INFO: [Labtools 27-2285] Connecting to hw_server url TCP:localhost:3121
INFO: [Labtools 27-2222] Launching hw_server...
INFO: [Labtools 27-2221] Launch Output:

****** Xilinx hw_server v2018.2
  **** Build date : Jun 14 2018-20:18:37
    ** Copyright 1986-2018 Xilinx, Inc. All Rights Reserved.


ERROR: [Labtoolstcl 44-494] There is no active target available for server at localhost.
 Targets(s) ", jsn-JTAG-SMT2NC-210308A6270C" may be locked by another hw_server.
disconnect_hw_server localhost:3121
connect_hw_server
INFO: [Labtools 27-2285] Connecting to hw_server url TCP:localhost:3121
open_hw_target
INFO: [Labtoolstcl 44-466] Opening hw_target localhost:3121/xilinx_tcf/Digilent/210308A6270C
set_property PROGRAM.FILE {/home/oem/RTL/backups/Undolog2/PCIeMEM/PCIeMEM.runs/impl_1/design_1_wrapper.bit} [get_hw_devices xcvu9p_0]
set_property PROBES.FILE {/home/oem/RTL/backups/Undolog2/PCIeMEM/PCIeMEM.runs/impl_1/design_1_wrapper.ltx} [get_hw_devices xcvu9p_0]
set_property FULL_PROBES.FILE {/home/oem/RTL/backups/Undolog2/PCIeMEM/PCIeMEM.runs/impl_1/design_1_wrapper.ltx} [get_hw_devices xcvu9p_0]
current_hw_device [get_hw_devices xcvu9p_0]
refresh_hw_device [lindex [get_hw_devices xcvu9p_0] 0]
INFO: [Labtools 27-2302] Device xcvu9p (JTAG device index = 0) is programmed with a design that has 4 ILA core(s).
INFO: [Labtools 27-2302] Device xcvu9p (JTAG device index = 0) is programmed with a design that has 1 MIG core(s).
display_hw_ila_data [ get_hw_ila_data hw_ila_data_1 -of_objects [get_hw_ilas -of_objects [get_hw_devices xcvu9p_0] -filter {CELL_NAME=~"design_1_i/ila_0"}]]
INFO: [Labtools 27-3304] ILA Waveform data saved to file /home/oem/RTL/backups/Undolog2/PCIeMEM/PCIeMEM.hw/backup/hw_ila_data_1.ila. Use Tcl command 'read_hw_ila_data' or Vivado File->Import->Import ILA Data menu item to import the previously saved data.
display_hw_ila_data [ get_hw_ila_data hw_ila_data_2 -of_objects [get_hw_ilas -of_objects [get_hw_devices xcvu9p_0] -filter {CELL_NAME=~"design_1_i/ila_1"}]]
INFO: [Labtools 27-3304] ILA Waveform data saved to file /home/oem/RTL/backups/Undolog2/PCIeMEM/PCIeMEM.hw/backup/hw_ila_data_2.ila. Use Tcl command 'read_hw_ila_data' or Vivado File->Import->Import ILA Data menu item to import the previously saved data.
display_hw_ila_data [ get_hw_ila_data hw_ila_data_3 -of_objects [get_hw_ilas -of_objects [get_hw_devices xcvu9p_0] -filter {CELL_NAME=~"design_1_i/ila_2"}]]
INFO: [Labtools 27-3304] ILA Waveform data saved to file /home/oem/RTL/backups/Undolog2/PCIeMEM/PCIeMEM.hw/backup/hw_ila_data_3.ila. Use Tcl command 'read_hw_ila_data' or Vivado File->Import->Import ILA Data menu item to import the previously saved data.
display_hw_ila_data [ get_hw_ila_data hw_ila_data_4 -of_objects [get_hw_ilas -of_objects [get_hw_devices xcvu9p_0] -filter {CELL_NAME=~"design_1_i/ila_3"}]]
INFO: [Labtools 27-3304] ILA Waveform data saved to file /home/oem/RTL/backups/Undolog2/PCIeMEM/PCIeMEM.hw/backup/hw_ila_data_4.ila. Use Tcl command 'read_hw_ila_data' or Vivado File->Import->Import ILA Data menu item to import the previously saved data.
run_hw_ila [get_hw_ilas -of_objects [get_hw_devices xcvu9p_0] -filter {CELL_NAME=~"design_1_i/ila_0"}]
INFO: [Labtools 27-1964] The ILA core 'hw_ila_1' trigger was armed at 2021-Apr-07 21:47:08
run_hw_ila [get_hw_ilas -of_objects [get_hw_devices xcvu9p_0] -filter {CELL_NAME=~"design_1_i/ila_2"}]
INFO: [Labtools 27-1964] The ILA core 'hw_ila_3' trigger was armed at 2021-Apr-07 21:47:10
wait_on_hw_ila [get_hw_ilas -of_objects [get_hw_devices xcvu9p_0] -filter {CELL_NAME=~"design_1_i/ila_0"}]\
  [get_hw_ilas -of_objects [get_hw_devices xcvu9p_0] -filter {CELL_NAME=~"design_1_i/ila_2"}]
display_hw_ila_data [upload_hw_ila_data [get_hw_ilas -of_objects [get_hw_devices xcvu9p_0] -filter {CELL_NAME=~"design_1_i/ila_0"}]]
INFO: [Labtools 27-1966] The ILA core 'hw_ila_1' triggered at 2021-Apr-07 21:47:17
INFO: [Labtools 27-3304] ILA Waveform data saved to file /home/oem/RTL/backups/Undolog2/PCIeMEM/PCIeMEM.hw/backup/hw_ila_data_1.ila. Use Tcl command 'read_hw_ila_data' or Vivado File->Import->Import ILA Data menu item to import the previously saved data.
display_hw_ila_data [upload_hw_ila_data [get_hw_ilas -of_objects [get_hw_devices xcvu9p_0] -filter {CELL_NAME=~"design_1_i/ila_2"}]]
INFO: [Labtools 27-1966] The ILA core 'hw_ila_3' triggered at 2021-Apr-07 21:47:17
INFO: [Labtools 27-3304] ILA Waveform data saved to file /home/oem/RTL/backups/Undolog2/PCIeMEM/PCIeMEM.hw/backup/hw_ila_data_3.ila. Use Tcl command 'read_hw_ila_data' or Vivado File->Import->Import ILA Data menu item to import the previously saved data.
run_hw_ila [get_hw_ilas -of_objects [get_hw_devices xcvu9p_0] -filter {CELL_NAME=~"design_1_i/ila_2"}]
INFO: [Labtools 27-1964] The ILA core 'hw_ila_3' trigger was armed at 2021-Apr-07 21:47:21
run_hw_ila [get_hw_ilas -of_objects [get_hw_devices xcvu9p_0] -filter {CELL_NAME=~"design_1_i/ila_0"}]
INFO: [Labtools 27-1964] The ILA core 'hw_ila_1' trigger was armed at 2021-Apr-07 21:47:23
wait_on_hw_ila [get_hw_ilas -of_objects [get_hw_devices xcvu9p_0] -filter {CELL_NAME=~"design_1_i/ila_0"}]\
  [get_hw_ilas -of_objects [get_hw_devices xcvu9p_0] -filter {CELL_NAME=~"design_1_i/ila_2"}]
display_hw_ila_data [upload_hw_ila_data [get_hw_ilas -of_objects [get_hw_devices xcvu9p_0] -filter {CELL_NAME=~"design_1_i/ila_0"}]]
INFO: [Labtools 27-1966] The ILA core 'hw_ila_1' triggered at 2021-Apr-07 21:47:28
INFO: [Labtools 27-3304] ILA Waveform data saved to file /home/oem/RTL/backups/Undolog2/PCIeMEM/PCIeMEM.hw/backup/hw_ila_data_1.ila. Use Tcl command 'read_hw_ila_data' or Vivado File->Import->Import ILA Data menu item to import the previously saved data.
display_hw_ila_data [upload_hw_ila_data [get_hw_ilas -of_objects [get_hw_devices xcvu9p_0] -filter {CELL_NAME=~"design_1_i/ila_2"}]]
INFO: [Labtools 27-1966] The ILA core 'hw_ila_3' triggered at 2021-Apr-07 21:47:28
INFO: [Labtools 27-3304] ILA Waveform data saved to file /home/oem/RTL/backups/Undolog2/PCIeMEM/PCIeMEM.hw/backup/hw_ila_data_3.ila. Use Tcl command 'read_hw_ila_data' or Vivado File->Import->Import ILA Data menu item to import the previously saved data.
run_hw_ila [get_hw_ilas -of_objects [get_hw_devices xcvu9p_0] -filter {CELL_NAME=~"design_1_i/ila_0"}]
INFO: [Labtools 27-1964] The ILA core 'hw_ila_1' trigger was armed at 2021-Apr-07 21:47:30
run_hw_ila [get_hw_ilas -of_objects [get_hw_devices xcvu9p_0] -filter {CELL_NAME=~"design_1_i/ila_2"}]
INFO: [Labtools 27-1964] The ILA core 'hw_ila_3' trigger was armed at 2021-Apr-07 21:47:32
wait_on_hw_ila [get_hw_ilas -of_objects [get_hw_devices xcvu9p_0] -filter {CELL_NAME=~"design_1_i/ila_0"}]\
  [get_hw_ilas -of_objects [get_hw_devices xcvu9p_0] -filter {CELL_NAME=~"design_1_i/ila_2"}]
display_hw_ila_data [upload_hw_ila_data [get_hw_ilas -of_objects [get_hw_devices xcvu9p_0] -filter {CELL_NAME=~"design_1_i/ila_0"}]]
INFO: [Labtools 27-1966] The ILA core 'hw_ila_1' triggered at 2021-Apr-07 21:47:36
INFO: [Labtools 27-3304] ILA Waveform data saved to file /home/oem/RTL/backups/Undolog2/PCIeMEM/PCIeMEM.hw/backup/hw_ila_data_1.ila. Use Tcl command 'read_hw_ila_data' or Vivado File->Import->Import ILA Data menu item to import the previously saved data.
display_hw_ila_data [upload_hw_ila_data [get_hw_ilas -of_objects [get_hw_devices xcvu9p_0] -filter {CELL_NAME=~"design_1_i/ila_2"}]]
INFO: [Labtools 27-1966] The ILA core 'hw_ila_3' triggered at 2021-Apr-07 21:47:36
INFO: [Labtools 27-3304] ILA Waveform data saved to file /home/oem/RTL/backups/Undolog2/PCIeMEM/PCIeMEM.hw/backup/hw_ila_data_3.ila. Use Tcl command 'read_hw_ila_data' or Vivado File->Import->Import ILA Data menu item to import the previously saved data.
open_bd_design {/home/oem/RTL/backups/Undolog2/PCIeMEM/PCIeMEM.srcs/sources_1/bd/design_1/design_1.bd}
Adding cell -- xilinx.com:ip:ddr4:2.2 - ddr4_0
Adding cell -- xilinx.com:ip:xdma:4.1 - xdma_0
Adding cell -- xilinx.com:ip:proc_sys_reset:5.0 - rst_ddr4_0_300M
Adding cell -- xilinx.com:ip:util_ds_buf:2.1 - util_ds_buf_0
Adding cell -- xilinx.com:ip:smartconnect:1.0 - axi_smc
Adding cell -- xilinx.com:ip:proc_sys_reset:5.0 - rst_ddr4_0_300M_1
Adding cell -- xilinx.com:ip:axi_dma:7.1 - axi_dma_0
Adding cell -- xilinx.com:ip:axis_data_fifo:1.1 - axis_data_fifo_0
Adding cell -- xilinx.com:ip:proc_sys_reset:5.0 - rst_ddr4_0_300M_2
Adding cell -- xilinx.com:ip:xlconstant:1.1 - xlconstant_0
Adding cell -- xilinx.com:ip:axi_dma:7.1 - axi_dma_1
Adding cell -- xilinx.com:ip:axis_data_fifo:1.1 - axis_data_fifo_1
Adding cell -- xilinx.com:ip:xlconstant:1.1 - xlconstant_1
Adding cell -- xilinx.com:ip:axi_dma:7.1 - axi_dma_2
Adding cell -- xilinx.com:ip:axi_dma:7.1 - axi_dma_3
Adding cell -- xilinx.com:ip:axis_data_fifo:1.1 - axis_data_fifo_2
Adding cell -- xilinx.com:ip:axis_data_fifo:1.1 - axis_data_fifo_3
Adding cell -- xilinx.com:ip:smartconnect:1.0 - smartconnect_0
Adding cell -- xilinx.com:ip:axi_dma:7.1 - axi_dma_4
Adding cell -- xilinx.com:ip:axis_data_fifo:1.1 - axis_data_fifo_4
Adding cell -- xilinx.com:ip:axi_dma:7.1 - axi_dma_5
Adding cell -- xilinx.com:ip:axis_data_fifo:1.1 - axis_data_fifo_5
Adding cell -- xilinx.com:ip:axis_data_fifo:1.1 - axis_data_fifo_6
Adding cell -- xilinx.com:ip:axi_dma:7.1 - axi_dma_6
Adding cell -- xilinx.com:ip:axis_data_fifo:1.1 - axis_data_fifo_7
Adding cell -- xilinx.com:ip:axi_dma:7.1 - axi_dma_7
Adding cell -- xilinx.com:ip:clk_wiz:6.0 - clk_wiz_0
Adding cell -- xilinx.com:ip:proc_sys_reset:5.0 - proc_sys_reset_0
Adding cell -- user.org:user:AXI_Lite_slave_plug:1.0 - AXI_Lite_slave_plug_0
Adding cell -- xilinx.com:ip:mdm:3.2 - mdm_1
Adding cell -- xilinx.com:ip:ila:6.2 - ila_2
INFO: [xilinx.com:ip:ila:6.2-6] /ila_2: Xilinx recommends using the System ILA IP in IP Integrator. The System ILA IP is functionally equivalent to an ILA and offers additional benefits in debugging interfaces both within IP Integrator and the Hardware Manager. Consult the Programming and Debug User Guide UG908 for further details.
Adding cell -- xilinx.com:ip:smartconnect:1.0 - smartconnect_1
Adding cell -- xilinx.com:ip:axi_register_slice:2.1 - axi_register_slice_0
Adding cell -- xilinx.com:ip:ila:6.2 - ila_3
INFO: [xilinx.com:ip:ila:6.2-6] /ila_3: Xilinx recommends using the System ILA IP in IP Integrator. The System ILA IP is functionally equivalent to an ILA and offers additional benefits in debugging interfaces both within IP Integrator and the Hardware Manager. Consult the Programming and Debug User Guide UG908 for further details.
Adding cell -- xilinx.com:ip:ila:6.2 - ila_0
INFO: [xilinx.com:ip:ila:6.2-6] /ila_0: Xilinx recommends using the System ILA IP in IP Integrator. The System ILA IP is functionally equivalent to an ILA and offers additional benefits in debugging interfaces both within IP Integrator and the Hardware Manager. Consult the Programming and Debug User Guide UG908 for further details.
Adding cell -- xilinx.com:module_ref:addrmonitor:1.0 - addrmonitor_0
Adding cell -- xilinx.com:ip:ila:6.2 - ila_1
INFO: [xilinx.com:ip:ila:6.2-6] /ila_1: Xilinx recommends using the System ILA IP in IP Integrator. The System ILA IP is functionally equivalent to an ILA and offers additional benefits in debugging interfaces both within IP Integrator and the Hardware Manager. Consult the Programming and Debug User Guide UG908 for further details.
Adding cell -- user.org:user:undolog:2.1 - undolog_0
Adding cell -- user.org:user:undolog:2.1 - undolog_1
Adding cell -- user.org:user:undolog:2.1 - undolog_2
Adding cell -- user.org:user:undolog:2.1 - undolog_3
Adding cell -- user.org:user:memops_scheduler:1.1 - memops_scheduler_1
WARNING: [BD 41-1731] Type mismatch between connected pins: /ddr4_0/addn_ui_clkout1(clk) and /addrmonitor_0/clkmemops(undef)
WARNING: [BD 41-1731] Type mismatch between connected pins: /xdma_0/axi_aresetn(rst) and /ila_0/probe5(undef)
Excluding </AXI_Lite_slave_plug_0/S00_AXI/S00_AXI_reg> from </axi_dma_7/Data_MM2S>
Excluding </AXI_Lite_slave_plug_0/S00_AXI/S00_AXI_reg> from </axi_dma_7/Data_S2MM>
Excluding </AXI_Lite_slave_plug_0/S00_AXI/S00_AXI_reg> from </axi_dma_6/Data_MM2S>
Excluding </AXI_Lite_slave_plug_0/S00_AXI/S00_AXI_reg> from </axi_dma_6/Data_S2MM>
Excluding </AXI_Lite_slave_plug_0/S00_AXI/S00_AXI_reg> from </axi_dma_5/Data_MM2S>
Excluding </AXI_Lite_slave_plug_0/S00_AXI/S00_AXI_reg> from </axi_dma_5/Data_S2MM>
Excluding </AXI_Lite_slave_plug_0/S00_AXI/S00_AXI_reg> from </axi_dma_4/Data_MM2S>
Excluding </AXI_Lite_slave_plug_0/S00_AXI/S00_AXI_reg> from </axi_dma_4/Data_S2MM>
Excluding </AXI_Lite_slave_plug_0/S00_AXI/S00_AXI_reg> from </axi_dma_3/Data_MM2S>
Excluding </AXI_Lite_slave_plug_0/S00_AXI/S00_AXI_reg> from </axi_dma_3/Data_S2MM>
Excluding </AXI_Lite_slave_plug_0/S00_AXI/S00_AXI_reg> from </axi_dma_2/Data_MM2S>
Excluding </AXI_Lite_slave_plug_0/S00_AXI/S00_AXI_reg> from </axi_dma_2/Data_S2MM>
Excluding </AXI_Lite_slave_plug_0/S00_AXI/S00_AXI_reg> from </axi_dma_1/Data_MM2S>
Excluding </AXI_Lite_slave_plug_0/S00_AXI/S00_AXI_reg> from </axi_dma_1/Data_S2MM>
Successfully read diagram <design_1> from BD file </home/oem/RTL/backups/Undolog2/PCIeMEM/PCIeMEM.srcs/sources_1/bd/design_1/design_1.bd>
run_hw_ila [get_hw_ilas -of_objects [get_hw_devices xcvu9p_0] -filter {CELL_NAME=~"design_1_i/ila_0"}]
INFO: [Labtools 27-1964] The ILA core 'hw_ila_1' trigger was armed at 2021-Apr-07 21:52:03
run_hw_ila [get_hw_ilas -of_objects [get_hw_devices xcvu9p_0] -filter {CELL_NAME=~"design_1_i/ila_2"}]
INFO: [Labtools 27-1964] The ILA core 'hw_ila_3' trigger was armed at 2021-Apr-07 21:52:04
wait_on_hw_ila [get_hw_ilas -of_objects [get_hw_devices xcvu9p_0] -filter {CELL_NAME=~"design_1_i/ila_0"}]\
  [get_hw_ilas -of_objects [get_hw_devices xcvu9p_0] -filter {CELL_NAME=~"design_1_i/ila_2"}]
display_hw_ila_data [upload_hw_ila_data [get_hw_ilas -of_objects [get_hw_devices xcvu9p_0] -filter {CELL_NAME=~"design_1_i/ila_0"}]]
INFO: [Labtools 27-1966] The ILA core 'hw_ila_1' triggered at 2021-Apr-07 21:52:08
INFO: [Labtools 27-3304] ILA Waveform data saved to file /home/oem/RTL/backups/Undolog2/PCIeMEM/PCIeMEM.hw/backup/hw_ila_data_1.ila. Use Tcl command 'read_hw_ila_data' or Vivado File->Import->Import ILA Data menu item to import the previously saved data.
display_hw_ila_data [upload_hw_ila_data [get_hw_ilas -of_objects [get_hw_devices xcvu9p_0] -filter {CELL_NAME=~"design_1_i/ila_2"}]]
INFO: [Labtools 27-1966] The ILA core 'hw_ila_3' triggered at 2021-Apr-07 21:52:08
INFO: [Labtools 27-3304] ILA Waveform data saved to file /home/oem/RTL/backups/Undolog2/PCIeMEM/PCIeMEM.hw/backup/hw_ila_data_3.ila. Use Tcl command 'read_hw_ila_data' or Vivado File->Import->Import ILA Data menu item to import the previously saved data.
run_hw_ila [get_hw_ilas -of_objects [get_hw_devices xcvu9p_0] -filter {CELL_NAME=~"design_1_i/ila_0"}]
INFO: [Labtools 27-1964] The ILA core 'hw_ila_1' trigger was armed at 2021-Apr-07 21:52:22
run_hw_ila [get_hw_ilas -of_objects [get_hw_devices xcvu9p_0] -filter {CELL_NAME=~"design_1_i/ila_3"}]
INFO: [Labtools 27-1964] The ILA core 'hw_ila_4' trigger was armed at 2021-Apr-07 21:52:25
wait_on_hw_ila [get_hw_ilas -of_objects [get_hw_devices xcvu9p_0] -filter {CELL_NAME=~"design_1_i/ila_3"}]
display_hw_ila_data [upload_hw_ila_data [get_hw_ilas -of_objects [get_hw_devices xcvu9p_0] -filter {CELL_NAME=~"design_1_i/ila_3"}]]
INFO: [Labtools 27-1966] The ILA core 'hw_ila_4' triggered at 2021-Apr-07 21:52:25
INFO: [Labtools 27-3304] ILA Waveform data saved to file /home/oem/RTL/backups/Undolog2/PCIeMEM/PCIeMEM.hw/backup/hw_ila_data_4.ila. Use Tcl command 'read_hw_ila_data' or Vivado File->Import->Import ILA Data menu item to import the previously saved data.
run_hw_ila [get_hw_ilas -of_objects [get_hw_devices xcvu9p_0] -filter {CELL_NAME=~"design_1_i/ila_2"}]
INFO: [Labtools 27-1964] The ILA core 'hw_ila_3' trigger was armed at 2021-Apr-07 21:52:26
wait_on_hw_ila [get_hw_ilas -of_objects [get_hw_devices xcvu9p_0] -filter {CELL_NAME=~"design_1_i/ila_0"}]\
  [get_hw_ilas -of_objects [get_hw_devices xcvu9p_0] -filter {CELL_NAME=~"design_1_i/ila_2"}]
display_hw_ila_data [upload_hw_ila_data [get_hw_ilas -of_objects [get_hw_devices xcvu9p_0] -filter {CELL_NAME=~"design_1_i/ila_0"}]]
INFO: [Labtools 27-1966] The ILA core 'hw_ila_1' triggered at 2021-Apr-07 21:52:29
INFO: [Labtools 27-3304] ILA Waveform data saved to file /home/oem/RTL/backups/Undolog2/PCIeMEM/PCIeMEM.hw/backup/hw_ila_data_1.ila. Use Tcl command 'read_hw_ila_data' or Vivado File->Import->Import ILA Data menu item to import the previously saved data.
display_hw_ila_data [upload_hw_ila_data [get_hw_ilas -of_objects [get_hw_devices xcvu9p_0] -filter {CELL_NAME=~"design_1_i/ila_2"}]]
INFO: [Labtools 27-1966] The ILA core 'hw_ila_3' triggered at 2021-Apr-07 21:52:29
INFO: [Labtools 27-3304] ILA Waveform data saved to file /home/oem/RTL/backups/Undolog2/PCIeMEM/PCIeMEM.hw/backup/hw_ila_data_3.ila. Use Tcl command 'read_hw_ila_data' or Vivado File->Import->Import ILA Data menu item to import the previously saved data.
run_hw_ila [get_hw_ilas -of_objects [get_hw_devices xcvu9p_0] -filter {CELL_NAME=~"design_1_i/ila_0"}]
INFO: [Labtools 27-1964] The ILA core 'hw_ila_1' trigger was armed at 2021-Apr-07 21:52:46
run_hw_ila [get_hw_ilas -of_objects [get_hw_devices xcvu9p_0] -filter {CELL_NAME=~"design_1_i/ila_2"}]
INFO: [Labtools 27-1964] The ILA core 'hw_ila_3' trigger was armed at 2021-Apr-07 21:52:48
wait_on_hw_ila [get_hw_ilas -of_objects [get_hw_devices xcvu9p_0] -filter {CELL_NAME=~"design_1_i/ila_0"}]\
  [get_hw_ilas -of_objects [get_hw_devices xcvu9p_0] -filter {CELL_NAME=~"design_1_i/ila_2"}]
display_hw_ila_data [upload_hw_ila_data [get_hw_ilas -of_objects [get_hw_devices xcvu9p_0] -filter {CELL_NAME=~"design_1_i/ila_0"}]]
INFO: [Labtools 27-1966] The ILA core 'hw_ila_1' triggered at 2021-Apr-07 21:52:51
INFO: [Labtools 27-3304] ILA Waveform data saved to file /home/oem/RTL/backups/Undolog2/PCIeMEM/PCIeMEM.hw/backup/hw_ila_data_1.ila. Use Tcl command 'read_hw_ila_data' or Vivado File->Import->Import ILA Data menu item to import the previously saved data.
display_hw_ila_data [upload_hw_ila_data [get_hw_ilas -of_objects [get_hw_devices xcvu9p_0] -filter {CELL_NAME=~"design_1_i/ila_2"}]]
INFO: [Labtools 27-1966] The ILA core 'hw_ila_3' triggered at 2021-Apr-07 21:52:51
INFO: [Labtools 27-3304] ILA Waveform data saved to file /home/oem/RTL/backups/Undolog2/PCIeMEM/PCIeMEM.hw/backup/hw_ila_data_3.ila. Use Tcl command 'read_hw_ila_data' or Vivado File->Import->Import ILA Data menu item to import the previously saved data.
run_hw_ila [get_hw_ilas -of_objects [get_hw_devices xcvu9p_0] -filter {CELL_NAME=~"design_1_i/ila_0"}]
INFO: [Labtools 27-1964] The ILA core 'hw_ila_1' trigger was armed at 2021-Apr-07 21:52:59
run_hw_ila [get_hw_ilas -of_objects [get_hw_devices xcvu9p_0] -filter {CELL_NAME=~"design_1_i/ila_2"}]
INFO: [Labtools 27-1964] The ILA core 'hw_ila_3' trigger was armed at 2021-Apr-07 21:53:03
wait_on_hw_ila [get_hw_ilas -of_objects [get_hw_devices xcvu9p_0] -filter {CELL_NAME=~"design_1_i/ila_0"}]\
  [get_hw_ilas -of_objects [get_hw_devices xcvu9p_0] -filter {CELL_NAME=~"design_1_i/ila_2"}]
display_hw_ila_data [upload_hw_ila_data [get_hw_ilas -of_objects [get_hw_devices xcvu9p_0] -filter {CELL_NAME=~"design_1_i/ila_0"}]]
INFO: [Labtools 27-1966] The ILA core 'hw_ila_1' triggered at 2021-Apr-07 21:53:06
INFO: [Labtools 27-3304] ILA Waveform data saved to file /home/oem/RTL/backups/Undolog2/PCIeMEM/PCIeMEM.hw/backup/hw_ila_data_1.ila. Use Tcl command 'read_hw_ila_data' or Vivado File->Import->Import ILA Data menu item to import the previously saved data.
display_hw_ila_data [upload_hw_ila_data [get_hw_ilas -of_objects [get_hw_devices xcvu9p_0] -filter {CELL_NAME=~"design_1_i/ila_2"}]]
INFO: [Labtools 27-1966] The ILA core 'hw_ila_3' triggered at 2021-Apr-07 21:53:06
INFO: [Labtools 27-3304] ILA Waveform data saved to file /home/oem/RTL/backups/Undolog2/PCIeMEM/PCIeMEM.hw/backup/hw_ila_data_3.ila. Use Tcl command 'read_hw_ila_data' or Vivado File->Import->Import ILA Data menu item to import the previously saved data.
run_hw_ila [get_hw_ilas -of_objects [get_hw_devices xcvu9p_0] -filter {CELL_NAME=~"design_1_i/ila_0"}]
INFO: [Labtools 27-1964] The ILA core 'hw_ila_1' trigger was armed at 2021-Apr-07 21:53:19
run_hw_ila [get_hw_ilas -of_objects [get_hw_devices xcvu9p_0] -filter {CELL_NAME=~"design_1_i/ila_2"}]
INFO: [Labtools 27-1964] The ILA core 'hw_ila_3' trigger was armed at 2021-Apr-07 21:53:22
wait_on_hw_ila [get_hw_ilas -of_objects [get_hw_devices xcvu9p_0] -filter {CELL_NAME=~"design_1_i/ila_0"}]\
  [get_hw_ilas -of_objects [get_hw_devices xcvu9p_0] -filter {CELL_NAME=~"design_1_i/ila_2"}]
display_hw_ila_data [upload_hw_ila_data [get_hw_ilas -of_objects [get_hw_devices xcvu9p_0] -filter {CELL_NAME=~"design_1_i/ila_0"}]]
INFO: [Labtools 27-1966] The ILA core 'hw_ila_1' triggered at 2021-Apr-07 21:53:25
INFO: [Labtools 27-3304] ILA Waveform data saved to file /home/oem/RTL/backups/Undolog2/PCIeMEM/PCIeMEM.hw/backup/hw_ila_data_1.ila. Use Tcl command 'read_hw_ila_data' or Vivado File->Import->Import ILA Data menu item to import the previously saved data.
display_hw_ila_data [upload_hw_ila_data [get_hw_ilas -of_objects [get_hw_devices xcvu9p_0] -filter {CELL_NAME=~"design_1_i/ila_2"}]]
INFO: [Labtools 27-1966] The ILA core 'hw_ila_3' triggered at 2021-Apr-07 21:53:25
INFO: [Labtools 27-3304] ILA Waveform data saved to file /home/oem/RTL/backups/Undolog2/PCIeMEM/PCIeMEM.hw/backup/hw_ila_data_3.ila. Use Tcl command 'read_hw_ila_data' or Vivado File->Import->Import ILA Data menu item to import the previously saved data.
run_hw_ila [get_hw_ilas -of_objects [get_hw_devices xcvu9p_0] -filter {CELL_NAME=~"design_1_i/ila_2"}]
INFO: [Labtools 27-1964] The ILA core 'hw_ila_3' trigger was armed at 2021-Apr-07 22:41:32
wait_on_hw_ila [get_hw_ilas -of_objects [get_hw_devices xcvu9p_0] -filter {CELL_NAME=~"design_1_i/ila_2"}]
display_hw_ila_data [upload_hw_ila_data [get_hw_ilas -of_objects [get_hw_devices xcvu9p_0] -filter {CELL_NAME=~"design_1_i/ila_2"}]]
INFO: [Labtools 27-1966] The ILA core 'hw_ila_3' triggered at 2021-Apr-07 22:41:38
INFO: [Labtools 27-3304] ILA Waveform data saved to file /home/oem/RTL/backups/Undolog2/PCIeMEM/PCIeMEM.hw/backup/hw_ila_data_3.ila. Use Tcl command 'read_hw_ila_data' or Vivado File->Import->Import ILA Data menu item to import the previously saved data.
run_hw_ila [get_hw_ilas -of_objects [get_hw_devices xcvu9p_0] -filter {CELL_NAME=~"design_1_i/ila_0"}]
INFO: [Labtools 27-1964] The ILA core 'hw_ila_1' trigger was armed at 2021-Apr-07 22:42:01
run_hw_ila [get_hw_ilas -of_objects [get_hw_devices xcvu9p_0] -filter {CELL_NAME=~"design_1_i/ila_2"}]
INFO: [Labtools 27-1964] The ILA core 'hw_ila_3' trigger was armed at 2021-Apr-07 22:42:02
wait_on_hw_ila [get_hw_ilas -of_objects [get_hw_devices xcvu9p_0] -filter {CELL_NAME=~"design_1_i/ila_0"}]\
  [get_hw_ilas -of_objects [get_hw_devices xcvu9p_0] -filter {CELL_NAME=~"design_1_i/ila_2"}]
display_hw_ila_data [upload_hw_ila_data [get_hw_ilas -of_objects [get_hw_devices xcvu9p_0] -filter {CELL_NAME=~"design_1_i/ila_0"}]]
INFO: [Labtools 27-1966] The ILA core 'hw_ila_1' triggered at 2021-Apr-07 22:42:05
INFO: [Labtools 27-3304] ILA Waveform data saved to file /home/oem/RTL/backups/Undolog2/PCIeMEM/PCIeMEM.hw/backup/hw_ila_data_1.ila. Use Tcl command 'read_hw_ila_data' or Vivado File->Import->Import ILA Data menu item to import the previously saved data.
display_hw_ila_data [upload_hw_ila_data [get_hw_ilas -of_objects [get_hw_devices xcvu9p_0] -filter {CELL_NAME=~"design_1_i/ila_2"}]]
INFO: [Labtools 27-1966] The ILA core 'hw_ila_3' triggered at 2021-Apr-07 22:42:05
INFO: [Labtools 27-3304] ILA Waveform data saved to file /home/oem/RTL/backups/Undolog2/PCIeMEM/PCIeMEM.hw/backup/hw_ila_data_3.ila. Use Tcl command 'read_hw_ila_data' or Vivado File->Import->Import ILA Data menu item to import the previously saved data.
run_hw_ila [get_hw_ilas -of_objects [get_hw_devices xcvu9p_0] -filter {CELL_NAME=~"design_1_i/ila_2"}]
INFO: [Labtools 27-1964] The ILA core 'hw_ila_3' trigger was armed at 2021-Apr-07 22:42:09
run_hw_ila [get_hw_ilas -of_objects [get_hw_devices xcvu9p_0] -filter {CELL_NAME=~"design_1_i/ila_0"}]
INFO: [Labtools 27-1964] The ILA core 'hw_ila_1' trigger was armed at 2021-Apr-07 22:42:10
wait_on_hw_ila [get_hw_ilas -of_objects [get_hw_devices xcvu9p_0] -filter {CELL_NAME=~"design_1_i/ila_0"}]\
  [get_hw_ilas -of_objects [get_hw_devices xcvu9p_0] -filter {CELL_NAME=~"design_1_i/ila_2"}]
display_hw_ila_data [upload_hw_ila_data [get_hw_ilas -of_objects [get_hw_devices xcvu9p_0] -filter {CELL_NAME=~"design_1_i/ila_0"}]]
INFO: [Labtools 27-1966] The ILA core 'hw_ila_1' triggered at 2021-Apr-07 22:42:13
INFO: [Labtools 27-3304] ILA Waveform data saved to file /home/oem/RTL/backups/Undolog2/PCIeMEM/PCIeMEM.hw/backup/hw_ila_data_1.ila. Use Tcl command 'read_hw_ila_data' or Vivado File->Import->Import ILA Data menu item to import the previously saved data.
display_hw_ila_data [upload_hw_ila_data [get_hw_ilas -of_objects [get_hw_devices xcvu9p_0] -filter {CELL_NAME=~"design_1_i/ila_2"}]]
INFO: [Labtools 27-1966] The ILA core 'hw_ila_3' triggered at 2021-Apr-07 22:42:13
INFO: [Labtools 27-3304] ILA Waveform data saved to file /home/oem/RTL/backups/Undolog2/PCIeMEM/PCIeMEM.hw/backup/hw_ila_data_3.ila. Use Tcl command 'read_hw_ila_data' or Vivado File->Import->Import ILA Data menu item to import the previously saved data.
run_hw_ila [get_hw_ilas -of_objects [get_hw_devices xcvu9p_0] -filter {CELL_NAME=~"design_1_i/ila_0"}]
INFO: [Labtools 27-1964] The ILA core 'hw_ila_1' trigger was armed at 2021-Apr-07 22:42:23
run_hw_ila [get_hw_ilas -of_objects [get_hw_devices xcvu9p_0] -filter {CELL_NAME=~"design_1_i/ila_2"}]
INFO: [Labtools 27-1964] The ILA core 'hw_ila_3' trigger was armed at 2021-Apr-07 22:42:24
wait_on_hw_ila [get_hw_ilas -of_objects [get_hw_devices xcvu9p_0] -filter {CELL_NAME=~"design_1_i/ila_0"}]\
  [get_hw_ilas -of_objects [get_hw_devices xcvu9p_0] -filter {CELL_NAME=~"design_1_i/ila_2"}]
display_hw_ila_data [upload_hw_ila_data [get_hw_ilas -of_objects [get_hw_devices xcvu9p_0] -filter {CELL_NAME=~"design_1_i/ila_0"}]]
INFO: [Labtools 27-1966] The ILA core 'hw_ila_1' triggered at 2021-Apr-07 22:42:27
INFO: [Labtools 27-3304] ILA Waveform data saved to file /home/oem/RTL/backups/Undolog2/PCIeMEM/PCIeMEM.hw/backup/hw_ila_data_1.ila. Use Tcl command 'read_hw_ila_data' or Vivado File->Import->Import ILA Data menu item to import the previously saved data.
display_hw_ila_data [upload_hw_ila_data [get_hw_ilas -of_objects [get_hw_devices xcvu9p_0] -filter {CELL_NAME=~"design_1_i/ila_2"}]]
INFO: [Labtools 27-1966] The ILA core 'hw_ila_3' triggered at 2021-Apr-07 22:42:27
INFO: [Labtools 27-3304] ILA Waveform data saved to file /home/oem/RTL/backups/Undolog2/PCIeMEM/PCIeMEM.hw/backup/hw_ila_data_3.ila. Use Tcl command 'read_hw_ila_data' or Vivado File->Import->Import ILA Data menu item to import the previously saved data.
open_bd_design {/home/oem/RTL/backups/Undolog2/PCIeMEM/PCIeMEM.srcs/sources_1/bd/design_1/design_1.bd}
delete_bd_objs [get_bd_nets addrmonitor_0_offset]
startgroup
connect_bd_net [get_bd_pins addrmonitor_0/virtualaddr_out] [get_bd_pins ila_0/probe3]
endgroup
open_bd_design {/home/oem/RTL/backups/Undolog2/PCIeMEM/PCIeMEM.srcs/sources_1/bd/design_1/design_1.bd}
save_bd_design
Wrote  : </home/oem/RTL/backups/Undolog2/PCIeMEM/PCIeMEM.srcs/sources_1/bd/design_1/design_1.bd> 
reset_run synth_1
launch_runs impl_1 -to_step write_bitstream -jobs 8
WARNING: [SMARTCONNECT-2] Port S00_AXI of /smartconnect_1 is connected to an infrastructure IP (/axi_register_slice_0).  It is recommended to attach AXI SmartConnect directly to endpoint IPs to avoid mismatches or other issues during validation.  If mismatches occur, manually assign values for AXI Interface properties of /axi_register_slice_0.
CRITICAL WARNING: [BD 41-967] AXI interface pin /memops_scheduler_1/M04_AXI is not associated to any clock pin. It may not work correctly.
CRITICAL WARNING: [BD 41-967] AXI interface pin /memops_scheduler_1/M05_AXI is not associated to any clock pin. It may not work correctly.
CRITICAL WARNING: [BD 41-967] AXI interface pin /memops_scheduler_1/M06_AXI is not associated to any clock pin. It may not work correctly.
CRITICAL WARNING: [BD 41-967] AXI interface pin /memops_scheduler_1/M07_AXI is not associated to any clock pin. It may not work correctly.
INFO: [Device 21-403] Loading part xcvu9p-flga2104-2L-e
xit::source_ipfile: Time (s): cpu = 00:00:07 ; elapsed = 00:00:07 . Memory (MB): peak = 8473.371 ; gain = 93.000 ; free physical = 56872 ; free virtual = 61159
xit::source_ipfile: Time (s): cpu = 00:00:08 ; elapsed = 00:00:08 . Memory (MB): peak = 8475.371 ; gain = 2.000 ; free physical = 56877 ; free virtual = 61163
WARNING: [BD 41-927] Following properties on pin /addrmonitor_0/clk have been updated from connected ip. They may not be synchronized with cell properties. You can set property on pin directly to confirm the value and resolve the warning.
	CLK_DOMAIN=design_1_xdma_0_0_axi_aclk 
Wrote  : </home/oem/RTL/backups/Undolog2/PCIeMEM/PCIeMEM.srcs/sources_1/bd/design_1/design_1.bd> 
VHDL Output written to : /home/oem/RTL/backups/Undolog2/PCIeMEM/PCIeMEM.srcs/sources_1/bd/design_1/synth/design_1.v
VHDL Output written to : /home/oem/RTL/backups/Undolog2/PCIeMEM/PCIeMEM.srcs/sources_1/bd/design_1/sim/design_1.v
VHDL Output written to : /home/oem/RTL/backups/Undolog2/PCIeMEM/PCIeMEM.srcs/sources_1/bd/design_1/hdl/design_1_wrapper.v
INFO: [BD 41-1637] Generated targets are already up-to-date for bd-design 'bd_45eb' - hence not re-generating.
INFO: [BD 41-1029] Generation completed for the IP Integrator block ddr4_0 .
INFO: [BD 41-1029] Generation completed for the IP Integrator block xdma_0 .
INFO: [BD 41-1029] Generation completed for the IP Integrator block rst_ddr4_0_300M .
INFO: [BD 41-1029] Generation completed for the IP Integrator block util_ds_buf_0 .
Exporting to file /home/oem/RTL/backups/Undolog2/PCIeMEM/PCIeMEM.srcs/sources_1/bd/design_1/ip/design_1_axi_smc_1/bd_0/hw_handoff/design_1_axi_smc_1.hwh
Generated Block Design Tcl file /home/oem/RTL/backups/Undolog2/PCIeMEM/PCIeMEM.srcs/sources_1/bd/design_1/ip/design_1_axi_smc_1/bd_0/hw_handoff/design_1_axi_smc_1_bd.tcl
Generated Hardware Definition File /home/oem/RTL/backups/Undolog2/PCIeMEM/PCIeMEM.srcs/sources_1/bd/design_1/ip/design_1_axi_smc_1/bd_0/synth/design_1_axi_smc_1.hwdef
INFO: [BD 41-1029] Generation completed for the IP Integrator block axi_smc .
INFO: [BD 41-1029] Generation completed for the IP Integrator block AXI_Lite_slave_plug_0 .
INFO: [BD 41-1029] Generation completed for the IP Integrator block rst_ddr4_0_300M_1 .
INFO: [BD 41-1029] Generation completed for the IP Integrator block axi_dma_0 .
INFO: [BD 41-1029] Generation completed for the IP Integrator block axis_data_fifo_0 .
INFO: [BD 41-1029] Generation completed for the IP Integrator block undolog_0 .
INFO: [BD 41-1029] Generation completed for the IP Integrator block rst_ddr4_0_300M_2 .
INFO: [BD 41-1029] Generation completed for the IP Integrator block xlconstant_0 .
INFO: [BD 41-1029] Generation completed for the IP Integrator block axi_dma_1 .
INFO: [BD 41-1029] Generation completed for the IP Integrator block axis_data_fifo_1 .
INFO: [BD 41-1029] Generation completed for the IP Integrator block xlconstant_1 .
INFO: [BD 41-1029] Generation completed for the IP Integrator block undolog_1 .
INFO: [BD 41-1029] Generation completed for the IP Integrator block axi_dma_2 .
INFO: [BD 41-1029] Generation completed for the IP Integrator block axi_dma_3 .
INFO: [BD 41-1029] Generation completed for the IP Integrator block axis_data_fifo_2 .
INFO: [BD 41-1029] Generation completed for the IP Integrator block axis_data_fifo_3 .
INFO: [BD 41-1029] Generation completed for the IP Integrator block undolog_2 .
Exporting to file /home/oem/RTL/backups/Undolog2/PCIeMEM/PCIeMEM.srcs/sources_1/bd/design_1/ip/design_1_smartconnect_0_0/bd_0/hw_handoff/design_1_smartconnect_0_0.hwh
Generated Block Design Tcl file /home/oem/RTL/backups/Undolog2/PCIeMEM/PCIeMEM.srcs/sources_1/bd/design_1/ip/design_1_smartconnect_0_0/bd_0/hw_handoff/design_1_smartconnect_0_0_bd.tcl
Generated Hardware Definition File /home/oem/RTL/backups/Undolog2/PCIeMEM/PCIeMEM.srcs/sources_1/bd/design_1/ip/design_1_smartconnect_0_0/bd_0/synth/design_1_smartconnect_0_0.hwdef
INFO: [BD 41-1029] Generation completed for the IP Integrator block smartconnect_0 .
INFO: [BD 41-1029] Generation completed for the IP Integrator block axi_dma_4 .
INFO: [BD 41-1029] Generation completed for the IP Integrator block axis_data_fifo_4 .
INFO: [BD 41-1029] Generation completed for the IP Integrator block axi_dma_5 .
INFO: [BD 41-1029] Generation completed for the IP Integrator block axis_data_fifo_5 .
INFO: [BD 41-1029] Generation completed for the IP Integrator block undolog_3 .
INFO: [BD 41-1029] Generation completed for the IP Integrator block axis_data_fifo_6 .
INFO: [BD 41-1029] Generation completed for the IP Integrator block axi_dma_6 .
INFO: [BD 41-1029] Generation completed for the IP Integrator block axis_data_fifo_7 .
INFO: [BD 41-1029] Generation completed for the IP Integrator block axi_dma_7 .
INFO: [BD 41-1029] Generation completed for the IP Integrator block clk_wiz_0 .
INFO: [BD 41-1029] Generation completed for the IP Integrator block proc_sys_reset_0 .
INFO: [BD 41-1029] Generation completed for the IP Integrator block addrmonitor_0 .
INFO: [BD 41-1029] Generation completed for the IP Integrator block mdm_1 .
INFO: [BD 41-1029] Generation completed for the IP Integrator block ila_2 .
Exporting to file /home/oem/RTL/backups/Undolog2/PCIeMEM/PCIeMEM.srcs/sources_1/bd/design_1/ip/design_1_smartconnect_1_0/bd_0/hw_handoff/design_1_smartconnect_1_0.hwh
Generated Block Design Tcl file /home/oem/RTL/backups/Undolog2/PCIeMEM/PCIeMEM.srcs/sources_1/bd/design_1/ip/design_1_smartconnect_1_0/bd_0/hw_handoff/design_1_smartconnect_1_0_bd.tcl
Generated Hardware Definition File /home/oem/RTL/backups/Undolog2/PCIeMEM/PCIeMEM.srcs/sources_1/bd/design_1/ip/design_1_smartconnect_1_0/bd_0/synth/design_1_smartconnect_1_0.hwdef
INFO: [BD 41-1029] Generation completed for the IP Integrator block smartconnect_1 .
INFO: [BD 41-1029] Generation completed for the IP Integrator block memops_scheduler_1 .
INFO: [BD 41-1029] Generation completed for the IP Integrator block axi_register_slice_0 .
INFO: [BD 41-1029] Generation completed for the IP Integrator block ila_3 .
INFO: [BD 41-1029] Generation completed for the IP Integrator block ila_0 .
INFO: [BD 41-1029] Generation completed for the IP Integrator block ila_1 .
Exporting to file /home/oem/RTL/backups/Undolog2/PCIeMEM/PCIeMEM.srcs/sources_1/bd/design_1/hw_handoff/design_1.hwh
Generated Block Design Tcl file /home/oem/RTL/backups/Undolog2/PCIeMEM/PCIeMEM.srcs/sources_1/bd/design_1/hw_handoff/design_1_bd.tcl
Generated Hardware Definition File /home/oem/RTL/backups/Undolog2/PCIeMEM/PCIeMEM.srcs/sources_1/bd/design_1/synth/design_1.hwdef
INFO: [IP_Flow 19-4993] Using cached IP synthesis design for IP design_1_axi_register_slice_0_0, cache-ID = 224b8eb5bc634f2b; cache size = 7506.750 MB.
INFO: [IP_Flow 19-4993] Using cached IP synthesis design for IP design_1_ila_1_0, cache-ID = 997a979de2daf93b; cache size = 7506.750 MB.
[Wed Apr  7 22:51:06 2021] Launched synth_1...
Run output will be captured here: /home/oem/RTL/backups/Undolog2/PCIeMEM/PCIeMEM.runs/synth_1/runme.log
[Wed Apr  7 22:51:06 2021] Launched impl_1...
Run output will be captured here: /home/oem/RTL/backups/Undolog2/PCIeMEM/PCIeMEM.runs/impl_1/runme.log
launch_runs: Time (s): cpu = 00:01:38 ; elapsed = 00:01:36 . Memory (MB): peak = 9638.234 ; gain = 1513.195 ; free physical = 55933 ; free virtual = 60404
set_property PROBES.FILE {/home/oem/RTL/backups/Undolog2/PCIeMEM/PCIeMEM.runs/impl_1/design_1_wrapper.ltx} [get_hw_devices xcvu9p_0]
set_property FULL_PROBES.FILE {/home/oem/RTL/backups/Undolog2/PCIeMEM/PCIeMEM.runs/impl_1/design_1_wrapper.ltx} [get_hw_devices xcvu9p_0]
set_property PROGRAM.FILE {/home/oem/RTL/backups/Undolog2/PCIeMEM/PCIeMEM.runs/impl_1/design_1_wrapper.bit} [get_hw_devices xcvu9p_0]
program_hw_devices [get_hw_devices xcvu9p_0]
INFO: [Labtools 27-3164] End of startup status: HIGH
program_hw_devices: Time (s): cpu = 00:00:47 ; elapsed = 00:00:46 . Memory (MB): peak = 9638.234 ; gain = 0.000 ; free physical = 54849 ; free virtual = 60358
refresh_hw_device [lindex [get_hw_devices xcvu9p_0] 0]
WARNING: [Labtools 27-3089] Calibration is still in-progress.
INFO: [Labtools 27-2302] Device xcvu9p (JTAG device index = 0) is programmed with a design that has 4 ILA core(s).
INFO: [Labtools 27-2302] Device xcvu9p (JTAG device index = 0) is programmed with a design that has 1 MIG core(s).
INFO: [Labtools 27-3304] ILA Waveform data saved to file /home/oem/RTL/backups/Undolog2/PCIeMEM/PCIeMEM.hw/backup/hw_ila_data_1.ila. Use Tcl command 'read_hw_ila_data' or Vivado File->Import->Import ILA Data menu item to import the previously saved data.
INFO: [Labtools 27-3304] ILA Waveform data saved to file /home/oem/RTL/backups/Undolog2/PCIeMEM/PCIeMEM.hw/backup/hw_ila_data_2.ila. Use Tcl command 'read_hw_ila_data' or Vivado File->Import->Import ILA Data menu item to import the previously saved data.
INFO: [Labtools 27-3304] ILA Waveform data saved to file /home/oem/RTL/backups/Undolog2/PCIeMEM/PCIeMEM.hw/backup/hw_ila_data_3.ila. Use Tcl command 'read_hw_ila_data' or Vivado File->Import->Import ILA Data menu item to import the previously saved data.
INFO: [Labtools 27-3304] ILA Waveform data saved to file /home/oem/RTL/backups/Undolog2/PCIeMEM/PCIeMEM.hw/backup/hw_ila_data_4.ila. Use Tcl command 'read_hw_ila_data' or Vivado File->Import->Import ILA Data menu item to import the previously saved data.
add_wave -into {hw_ila_data_1.wcfg} -radix hex { {design_1_i/addrmonitor_0_virtualaddr_out} }
INFO: [Labtools 27-3143] Calibration status change detected, refreshing MIG_1
